\BOOKMARK [0][-]{chapter.1}{\376\377\0001\000\040\000I\000n\000d\000e\000x\000\040\000d\000e\000s\000\040\000e\000s\000p\000a\000c\000e\000s\000\040\000d\000e\000\040\000n\000o\000m\000m\000a\000g\000e}{}% 1
\BOOKMARK [1][-]{section.1.1}{\376\377\0001\000.\0001\000\040\000P\000a\000q\000u\000e\000t\000a\000g\000e\000s}{chapter.1}% 2
\BOOKMARK [0][-]{chapter.2}{\376\377\0002\000\040\000I\000n\000d\000e\000x\000\040\000h\000i\000\351\000r\000a\000r\000c\000h\000i\000q\000u\000e}{}% 3
\BOOKMARK [1][-]{section.2.1}{\376\377\0002\000.\0001\000\040\000H\000i\000\351\000r\000a\000r\000c\000h\000i\000e\000\040\000d\000e\000s\000\040\000c\000l\000a\000s\000s\000e\000s}{chapter.2}% 4
\BOOKMARK [0][-]{chapter.3}{\376\377\0003\000\040\000I\000n\000d\000e\000x\000\040\000d\000e\000s\000\040\000c\000l\000a\000s\000s\000e\000s}{}% 5
\BOOKMARK [1][-]{section.3.1}{\376\377\0003\000.\0001\000\040\000L\000i\000s\000t\000e\000\040\000d\000e\000s\000\040\000c\000l\000a\000s\000s\000e\000s}{chapter.3}% 6
\BOOKMARK [0][-]{chapter.4}{\376\377\0004\000\040\000I\000n\000d\000e\000x\000\040\000d\000e\000s\000\040\000f\000i\000c\000h\000i\000e\000r\000s}{}% 7
\BOOKMARK [1][-]{section.4.1}{\376\377\0004\000.\0001\000\040\000L\000i\000s\000t\000e\000\040\000d\000e\000s\000\040\000f\000i\000c\000h\000i\000e\000r\000s}{chapter.4}% 8
\BOOKMARK [0][-]{chapter.5}{\376\377\0005\000\040\000D\000o\000c\000u\000m\000e\000n\000t\000a\000t\000i\000o\000n\000\040\000d\000e\000s\000\040\000e\000s\000p\000a\000c\000e\000s\000\040\000d\000e\000\040\000n\000o\000m\000m\000a\000g\000e}{}% 9
\BOOKMARK [1][-]{section.5.1}{\376\377\0005\000.\0001\000\040\000R\000\351\000f\000\351\000r\000e\000n\000c\000e\000\040\000d\000e\000\040\000l\000\047\000e\000s\000p\000a\000c\000e\000\040\000d\000e\000\040\000n\000o\000m\000m\000a\000g\000e\000\040\000a\000c\000t\000i\000o\000n\000\137\000h\000a\000n\000d\000l\000e\000r}{chapter.5}% 10
\BOOKMARK [2][-]{subsection.5.1.1}{\376\377\0005\000.\0001\000.\0001\000\040\000D\000o\000c\000u\000m\000e\000n\000t\000a\000t\000i\000o\000n\000\040\000d\000e\000s\000\040\000v\000a\000r\000i\000a\000b\000l\000e\000s}{section.5.1}% 11
\BOOKMARK [3][-]{subsubsection.5.1.1.1}{\376\377\0005\000.\0001\000.\0001\000.\0001\000\040\000T\000E\000X\000T\000\137\000E\000R\000R\000O\000R\000\137\000M\000E\000S\000S\000A\000G\000E\000S}{subsection.5.1.1}% 12
\BOOKMARK [3][-]{subsubsection.5.1.1.2}{\376\377\0005\000.\0001\000.\0001\000.\0002\000\040\000V\000E\000R\000S\000E\000\137\000E\000R\000R\000O\000R\000\137\000M\000E\000S\000S\000A\000G\000E\000S}{subsection.5.1.1}% 13
\BOOKMARK [1][-]{section.5.2}{\376\377\0005\000.\0002\000\040\000R\000\351\000f\000\351\000r\000e\000n\000c\000e\000\040\000d\000e\000\040\000l\000\047\000e\000s\000p\000a\000c\000e\000\040\000d\000e\000\040\000n\000o\000m\000m\000a\000g\000e\000\040\000d\000a\000t\000a}{chapter.5}% 14
\BOOKMARK [2][-]{subsection.5.2.1}{\376\377\0005\000.\0002\000.\0001\000\040\000D\000e\000s\000c\000r\000i\000p\000t\000i\000o\000n\000\040\000d\000\351\000t\000a\000i\000l\000l\000\351\000e}{section.5.2}% 15
\BOOKMARK [1][-]{section.5.3}{\376\377\0005\000.\0003\000\040\000R\000\351\000f\000\351\000r\000e\000n\000c\000e\000\040\000d\000e\000\040\000l\000\047\000e\000s\000p\000a\000c\000e\000\040\000d\000e\000\040\000n\000o\000m\000m\000a\000g\000e\000\040\000d\000a\000t\000a\000.\000d\000b\000\137\000c\000l\000i\000e\000n\000t}{chapter.5}% 16
\BOOKMARK [2][-]{subsection.5.3.1}{\376\377\0005\000.\0003\000.\0001\000\040\000D\000e\000s\000c\000r\000i\000p\000t\000i\000o\000n\000\040\000d\000\351\000t\000a\000i\000l\000l\000\351\000e}{section.5.3}% 17
\BOOKMARK [2][-]{subsection.5.3.2}{\376\377\0005\000.\0003\000.\0002\000\040\000D\000o\000c\000u\000m\000e\000n\000t\000a\000t\000i\000o\000n\000\040\000d\000e\000s\000\040\000f\000o\000n\000c\000t\000i\000o\000n\000s}{section.5.3}% 18
\BOOKMARK [3][-]{subsubsection.5.3.2.1}{\376\377\0005\000.\0003\000.\0002\000.\0001\000\040\000c\000o\000n\000n\000e\000c\000t\000i\000o\000n}{subsection.5.3.2}% 19
\BOOKMARK [3][-]{subsubsection.5.3.2.2}{\376\377\0005\000.\0003\000.\0002\000.\0002\000\040\000i\000s\000\137\000i\000n\000\137\000d\000i\000c\000t}{subsection.5.3.2}% 20
\BOOKMARK [3][-]{subsubsection.5.3.2.3}{\376\377\0005\000.\0003\000.\0002\000.\0003\000\040\000l\000o\000o\000k\000u\000p\000\137\000i\000n\000\137\000d\000i\000c\000t}{subsection.5.3.2}% 21
\BOOKMARK [3][-]{subsubsection.5.3.2.4}{\376\377\0005\000.\0003\000.\0002\000.\0004\000\040\000s\000a\000m\000e\000\137\000p\000o\000o\000r\000\137\000r\000i\000m\000e\000s}{subsection.5.3.2}% 22
\BOOKMARK [3][-]{subsubsection.5.3.2.5}{\376\377\0005\000.\0003\000.\0002\000.\0005\000\040\000s\000a\000m\000e\000\137\000r\000i\000c\000h\000\137\000r\000i\000m\000e\000s}{subsection.5.3.2}% 23
\BOOKMARK [3][-]{subsubsection.5.3.2.6}{\376\377\0005\000.\0003\000.\0002\000.\0006\000\040\000s\000y\000n\000s}{subsection.5.3.2}% 24
\BOOKMARK [2][-]{subsection.5.3.3}{\376\377\0005\000.\0003\000.\0003\000\040\000D\000o\000c\000u\000m\000e\000n\000t\000a\000t\000i\000o\000n\000\040\000d\000e\000s\000\040\000v\000a\000r\000i\000a\000b\000l\000e\000s}{section.5.3}% 25
\BOOKMARK [3][-]{subsubsection.5.3.3.1}{\376\377\0005\000.\0003\000.\0003\000.\0001\000\040\000c\000u\000r\000r\000e\000n\000t\000d\000i\000r}{subsection.5.3.3}% 26
\BOOKMARK [3][-]{subsubsection.5.3.3.2}{\376\377\0005\000.\0003\000.\0003\000.\0002\000\040\000f\000p\000a\000t\000h}{subsection.5.3.3}% 27
\BOOKMARK [3][-]{subsubsection.5.3.3.3}{\376\377\0005\000.\0003\000.\0003\000.\0003\000\040\000L\000E\000X\000I\000Q\000U\000E}{subsection.5.3.3}% 28
\BOOKMARK [1][-]{section.5.4}{\376\377\0005\000.\0004\000\040\000R\000\351\000f\000\351\000r\000e\000n\000c\000e\000\040\000d\000e\000\040\000l\000\047\000e\000s\000p\000a\000c\000e\000\040\000d\000e\000\040\000n\000o\000m\000m\000a\000g\000e\000\040\000d\000a\000t\000a\000\137\000m\000a\000n\000a\000g\000e\000r}{chapter.5}% 29
\BOOKMARK [2][-]{subsection.5.4.1}{\376\377\0005\000.\0004\000.\0001\000\040\000D\000o\000c\000u\000m\000e\000n\000t\000a\000t\000i\000o\000n\000\040\000d\000e\000s\000\040\000v\000a\000r\000i\000a\000b\000l\000e\000s}{section.5.4}% 30
\BOOKMARK [3][-]{subsubsection.5.4.1.1}{\376\377\0005\000.\0004\000.\0001\000.\0001\000\040\000D\000E\000F\000A\000U\000L\000T\000\137\000D\000I\000R}{subsection.5.4.1}% 31
\BOOKMARK [3][-]{subsubsection.5.4.1.2}{\376\377\0005\000.\0004\000.\0001\000.\0002\000\040\000P\000A\000R\000A\000M\000S}{subsection.5.4.1}% 32
\BOOKMARK [1][-]{section.5.5}{\376\377\0005\000.\0005\000\040\000R\000\351\000f\000\351\000r\000e\000n\000c\000e\000\040\000d\000e\000\040\000l\000\047\000e\000s\000p\000a\000c\000e\000\040\000d\000e\000\040\000n\000o\000m\000m\000a\000g\000e\000\040\000m\000a\000g\000i\000c\000b\000u\000t\000t\000o\000n}{chapter.5}% 33
\BOOKMARK [2][-]{subsection.5.5.1}{\376\377\0005\000.\0005\000.\0001\000\040\000D\000o\000c\000u\000m\000e\000n\000t\000a\000t\000i\000o\000n\000\040\000d\000e\000s\000\040\000f\000o\000n\000c\000t\000i\000o\000n\000s}{section.5.5}% 34
\BOOKMARK [3][-]{subsubsection.5.5.1.1}{\376\377\0005\000.\0005\000.\0001\000.\0001\000\040\000d\000o\000\137\000m\000a\000g\000i\000c}{subsection.5.5.1}% 35
\BOOKMARK [2][-]{subsection.5.5.2}{\376\377\0005\000.\0005\000.\0002\000\040\000D\000o\000c\000u\000m\000e\000n\000t\000a\000t\000i\000o\000n\000\040\000d\000e\000s\000\040\000v\000a\000r\000i\000a\000b\000l\000e\000s}{section.5.5}% 36
\BOOKMARK [3][-]{subsubsection.5.5.2.1}{\376\377\0005\000.\0005\000.\0002\000.\0001\000\040\000\137\000F\000I\000L\000E\000S}{subsection.5.5.2}% 37
\BOOKMARK [1][-]{section.5.6}{\376\377\0005\000.\0006\000\040\000R\000\351\000f\000\351\000r\000e\000n\000c\000e\000\040\000d\000e\000\040\000l\000\047\000e\000s\000p\000a\000c\000e\000\040\000d\000e\000\040\000n\000o\000m\000m\000a\000g\000e\000\040\000m\000a\000i\000n\000f\000r\000a\000m\000e}{chapter.5}% 38
\BOOKMARK [2][-]{subsection.5.6.1}{\376\377\0005\000.\0006\000.\0001\000\040\000D\000e\000s\000c\000r\000i\000p\000t\000i\000o\000n\000\040\000d\000\351\000t\000a\000i\000l\000l\000\351\000e}{section.5.6}% 39
\BOOKMARK [2][-]{subsection.5.6.2}{\376\377\0005\000.\0006\000.\0002\000\040\000D\000o\000c\000u\000m\000e\000n\000t\000a\000t\000i\000o\000n\000\040\000d\000e\000s\000\040\000v\000a\000r\000i\000a\000b\000l\000e\000s}{section.5.6}% 40
\BOOKMARK [3][-]{subsubsection.5.6.2.1}{\376\377\0005\000.\0006\000.\0002\000.\0001\000\040\000B\000U\000T\000T\000O\000N\000\137\000C\000H\000A\000N\000G\000E\000\137\000C\000O\000U\000N\000T}{subsection.5.6.2}% 41
\BOOKMARK [3][-]{subsubsection.5.6.2.2}{\376\377\0005\000.\0006\000.\0002\000.\0002\000\040\000B\000U\000T\000T\000O\000N\000\137\000C\000O\000P\000Y}{subsection.5.6.2}% 42
\BOOKMARK [3][-]{subsubsection.5.6.2.3}{\376\377\0005\000.\0006\000.\0002\000.\0003\000\040\000B\000U\000T\000T\000O\000N\000\137\000C\000T}{subsection.5.6.2}% 43
\BOOKMARK [3][-]{subsubsection.5.6.2.4}{\376\377\0005\000.\0006\000.\0002\000.\0004\000\040\000B\000U\000T\000T\000O\000N\000\137\000C\000U\000T}{subsection.5.6.2}% 44
\BOOKMARK [3][-]{subsubsection.5.6.2.5}{\376\377\0005\000.\0006\000.\0002\000.\0005\000\040\000B\000U\000T\000T\000O\000N\000\137\000F\000I\000N\000D}{subsection.5.6.2}% 45
\BOOKMARK [3][-]{subsubsection.5.6.2.6}{\376\377\0005\000.\0006\000.\0002\000.\0006\000\040\000B\000U\000T\000T\000O\000N\000\137\000N\000E\000W}{subsection.5.6.2}% 46
\BOOKMARK [3][-]{subsubsection.5.6.2.7}{\376\377\0005\000.\0006\000.\0002\000.\0007\000\040\000B\000U\000T\000T\000O\000N\000\137\000O\000P\000E\000N}{subsection.5.6.2}% 47
\BOOKMARK [3][-]{subsubsection.5.6.2.8}{\376\377\0005\000.\0006\000.\0002\000.\0008\000\040\000B\000U\000T\000T\000O\000N\000\137\000P\000A\000S\000T\000E}{subsection.5.6.2}% 48
\BOOKMARK [3][-]{subsubsection.5.6.2.9}{\376\377\0005\000.\0006\000.\0002\000.\0009\000\040\000B\000U\000T\000T\000O\000N\000\137\000R\000E\000A\000D}{subsection.5.6.2}% 49
\BOOKMARK [3][-]{subsubsection.5.6.2.10}{\376\377\0005\000.\0006\000.\0002\000.\0001\0000\000\040\000B\000U\000T\000T\000O\000N\000\137\000R\000I}{subsection.5.6.2}% 50
\BOOKMARK [3][-]{subsubsection.5.6.2.11}{\376\377\0005\000.\0006\000.\0002\000.\0001\0001\000\040\000B\000U\000T\000T\000O\000N\000\137\000S\000A\000V\000E}{subsection.5.6.2}% 51
\BOOKMARK [3][-]{subsubsection.5.6.2.12}{\376\377\0005\000.\0006\000.\0002\000.\0001\0002\000\040\000B\000U\000T\000T\000O\000N\000\137\000S\000A\000V\000E\000\137\000N\000E\000W}{subsection.5.6.2}% 52
\BOOKMARK [3][-]{subsubsection.5.6.2.13}{\376\377\0005\000.\0006\000.\0002\000.\0001\0003\000\040\000B\000U\000T\000T\000O\000N\000\137\000S\000Y\000N}{subsection.5.6.2}% 53
\BOOKMARK [3][-]{subsubsection.5.6.2.14}{\376\377\0005\000.\0006\000.\0002\000.\0001\0004\000\040\000F\000O\000N\000T}{subsection.5.6.2}% 54
\BOOKMARK [3][-]{subsubsection.5.6.2.15}{\376\377\0005\000.\0006\000.\0002\000.\0001\0005\000\040\000F\000O\000N\000T\000\137\000B\000U\000T\000T\000O\000N\000S}{subsection.5.6.2}% 55
\BOOKMARK [3][-]{subsubsection.5.6.2.16}{\376\377\0005\000.\0006\000.\0002\000.\0001\0006\000\040\000F\000O\000N\000T\000\137\000L\000A\000B\000E\000L\000S}{subsection.5.6.2}% 56
\BOOKMARK [3][-]{subsubsection.5.6.2.17}{\376\377\0005\000.\0006\000.\0002\000.\0001\0007\000\040\000M\000A\000I\000N\000\137\000T\000I\000T\000L\000E}{subsection.5.6.2}% 57
\BOOKMARK [1][-]{section.5.7}{\376\377\0005\000.\0007\000\040\000R\000\351\000f\000\351\000r\000e\000n\000c\000e\000\040\000d\000e\000\040\000l\000\047\000e\000s\000p\000a\000c\000e\000\040\000d\000e\000\040\000n\000o\000m\000m\000a\000g\000e\000\040\000s\000y\000l\000l\000a\000b\000e\000s\000\137\000d\000a\000t\000a}{chapter.5}% 58
\BOOKMARK [2][-]{subsection.5.7.1}{\376\377\0005\000.\0007\000.\0001\000\040\000D\000e\000s\000c\000r\000i\000p\000t\000i\000o\000n\000\040\000d\000\351\000t\000a\000i\000l\000l\000\351\000e}{section.5.7}% 59
\BOOKMARK [2][-]{subsection.5.7.2}{\376\377\0005\000.\0007\000.\0002\000\040\000D\000o\000c\000u\000m\000e\000n\000t\000a\000t\000i\000o\000n\000\040\000d\000e\000s\000\040\000f\000o\000n\000c\000t\000i\000o\000n\000s}{section.5.7}% 60
\BOOKMARK [3][-]{subsubsection.5.7.2.1}{\376\377\0005\000.\0007\000.\0002\000.\0001\000\040\000h\000a\000s\000\137\000e\000\137\000m\000u\000e\000t}{subsection.5.7.2}% 61